GC Precious Log:
 CPUs: 8 total, 8 available
 Memory: 8050M
 Large Page Support: Disabled
 NUMA Support: Disabled
 Compressed Oops: Enabled (32-bit)
 Heap Region Size: 1M
 Heap Min Capacity: 8M
 Heap Initial Capacity: 126M
 Heap Max Capacity: 2G
 Pre-touch: Disabled
 Parallel Workers: 8
 Concurrent Workers: 2
 Concurrent Refinement Workers: 8
 Periodic GC: Disabled
Heap:
 garbage-first heap   total 78848K, used 44314K [0x0000000080000000, 0x0000000100000000)
  region size 1024K, 21 young (21504K), 3 survivors (3072K)
 Metaspace       used 32388K, capacity 32921K, committed 33072K, reserved 544768K
  class space    used 4315K, capacity 4461K, committed 4480K, reserved 516096K
GC Heap History (12 events):
Event: 20.149 GC heap before
{Heap before GC invocations=0 (full 0):
 garbage-first heap   total 129024K, used 28672K [0x0000000080000000, 0x0000000100000000)
  region size 1024K, 23 young (23552K), 0 survivors (0K)
 Metaspace       used 3397K, capacity 6224K, committed 6400K, reserved 524288K
  class space    used 425K, capacity 708K, committed 768K, reserved 516096K
}
Event: 20.171 GC heap after
{Heap after GC invocations=1 (full 0):
 garbage-first heap   total 129024K, used 9522K [0x0000000080000000, 0x0000000100000000)
  region size 1024K, 3 young (3072K), 3 survivors (3072K)
 Metaspace       used 3397K, capacity 6224K, committed 6400K, reserved 524288K
  class space    used 425K, capacity 708K, committed 768K, reserved 516096K
}
Event: 34.154 GC heap before
{Heap before GC invocations=1 (full 0):
 garbage-first heap   total 129024K, used 33074K [0x0000000080000000, 0x0000000100000000)
  region size 1024K, 26 young (26624K), 3 survivors (3072K)
 Metaspace       used 4323K, capacity 6739K, committed 7040K, reserved 524288K
  class space    used 520K, capacity 773K, committed 896K, reserved 516096K
}
Event: 34.163 GC heap after
{Heap after GC invocations=2 (full 0):
 garbage-first heap   total 129024K, used 10459K [0x0000000080000000, 0x0000000100000000)
  region size 1024K, 1 young (1024K), 1 survivors (1024K)
 Metaspace       used 4323K, capacity 6739K, committed 7040K, reserved 524288K
  class space    used 520K, capacity 773K, committed 896K, reserved 516096K
}
Event: 80.962 GC heap before
{Heap before GC invocations=2 (full 0):
 garbage-first heap   total 129024K, used 58587K [0x0000000080000000, 0x0000000100000000)
  region size 1024K, 48 young (49152K), 1 survivors (1024K)
 Metaspace       used 11030K, capacity 11326K, committed 11648K, reserved 526336K
  class space    used 1489K, capacity 1574K, committed 1664K, reserved 516096K
}
Event: 81.197 GC heap after
{Heap after GC invocations=3 (full 0):
 garbage-first heap   total 129024K, used 17377K [0x0000000080000000, 0x0000000100000000)
  region size 1024K, 6 young (6144K), 6 survivors (6144K)
 Metaspace       used 11030K, capacity 11326K, committed 11648K, reserved 526336K
  class space    used 1489K, capacity 1574K, committed 1664K, reserved 516096K
}
Event: 104.019 GC heap before
{Heap before GC invocations=3 (full 0):
 garbage-first heap   total 129024K, used 77793K [0x0000000080000000, 0x0000000100000000)
  region size 1024K, 66 young (67584K), 6 survivors (6144K)
 Metaspace       used 20752K, capacity 21165K, committed 21296K, reserved 534528K
  class space    used 2968K, capacity 3124K, committed 3200K, reserved 516096K
}
Event: 104.048 GC heap after
{Heap after GC invocations=4 (full 0):
 garbage-first heap   total 129024K, used 20584K [0x0000000080000000, 0x0000000100000000)
  region size 1024K, 4 young (4096K), 4 survivors (4096K)
 Metaspace       used 20752K, capacity 21165K, committed 21296K, reserved 534528K
  class space    used 2968K, capacity 3124K, committed 3200K, reserved 516096K
}
Event: 118.645 GC heap before
{Heap before GC invocations=5 (full 0):
 garbage-first heap   total 78848K, used 63592K [0x0000000080000000, 0x0000000100000000)
  region size 1024K, 46 young (47104K), 4 survivors (4096K)
 Metaspace       used 29232K, capacity 29642K, committed 29744K, reserved 542720K
  class space    used 3987K, capacity 4139K, committed 4224K, reserved 516096K
}
Event: 118.657 GC heap after
{Heap after GC invocations=6 (full 0):
 garbage-first heap   total 78848K, used 25155K [0x0000000080000000, 0x0000000100000000)
  region size 1024K, 5 young (5120K), 5 survivors (5120K)
 Metaspace       used 29232K, capacity 29642K, committed 29744K, reserved 542720K
  class space    used 3987K, capacity 4139K, committed 4224K, reserved 516096K
}
Event: 128.508 GC heap before
{Heap before GC invocations=6 (full 0):
 garbage-first heap   total 78848K, used 58947K [0x0000000080000000, 0x0000000100000000)
  region size 1024K, 36 young (36864K), 5 survivors (5120K)
 Metaspace       used 31829K, capacity 32327K, committed 32560K, reserved 544768K
  class space    used 4243K, capacity 4412K, committed 4480K, reserved 516096K
}
Event: 128.518 GC heap after
{Heap after GC invocations=7 (full 0):
 garbage-first heap   total 78848K, used 26906K [0x0000000080000000, 0x0000000100000000)
  region size 1024K, 3 young (3072K), 3 survivors (3072K)
 Metaspace       used 31829K, capacity 32327K, committed 32560K, reserved 544768K
  class space    used 4243K, capacity 4412K, committed 4480K, reserved 516096K
}

