# JRE version: Java(TM) SE Runtime Environment (15.0.2+7) (build 15.0.2+7-27)
# Java VM: Java HotSpot(TM) 64-Bit Server VM (15.0.2+7-27, mixed mode, sharing, tiered, compressed oops, g1 gc, windows-amd64)
GC Precious Log:
 CPUs: 8 total, 8 available
 Memory: 8050M
 Large Page Support: Disabled
 NUMA Support: Disabled
 Compressed Oops: Enabled (32-bit)
 Heap Region Size: 1M
 Heap Min Capacity: 8M
 Heap Initial Capacity: 126M
 Heap Max Capacity: 2G
 Pre-touch: Disabled
 Parallel Workers: 8
 Concurrent Workers: 2
 Concurrent Refinement Workers: 8
 Periodic GC: Disabled
Heap:
 garbage-first heap   total 75776K, used 28461K [0x0000000080000000, 0x0000000100000000)
  region size 1024K, 4 young (4096K), 4 survivors (4096K)
 Metaspace       used 32451K, capacity 32991K, committed 33072K, reserved 544768K
  class space    used 4318K, capacity 4463K, committed 4480K, reserved 516096K
GC Heap History (14 events):
Event: 20.000 GC heap before
{Heap before GC invocations=0 (full 0):
 garbage-first heap   total 129024K, used 28672K [0x0000000080000000, 0x0000000100000000)
  region size 1024K, 23 young (23552K), 0 survivors (0K)
 Metaspace       used 3417K, capacity 6224K, committed 6400K, reserved 524288K
  class space    used 426K, capacity 708K, committed 768K, reserved 516096K
}
Event: 20.590 GC heap after
{Heap after GC invocations=1 (full 0):
 garbage-first heap   total 129024K, used 9582K [0x0000000080000000, 0x0000000100000000)
  region size 1024K, 3 young (3072K), 3 survivors (3072K)
 Metaspace       used 3417K, capacity 6224K, committed 6400K, reserved 524288K
  class space    used 426K, capacity 708K, committed 768K, reserved 516096K
}
Event: 31.471 GC heap before
{Heap before GC invocations=1 (full 0):
 garbage-first heap   total 129024K, used 33134K [0x0000000080000000, 0x0000000100000000)
  region size 1024K, 26 young (26624K), 3 survivors (3072K)
 Metaspace       used 4334K, capacity 6739K, committed 7040K, reserved 524288K
  class space    used 522K, capacity 773K, committed 896K, reserved 516096K
}
Event: 31.483 GC heap after
{Heap after GC invocations=2 (full 0):
 garbage-first heap   total 129024K, used 10505K [0x0000000080000000, 0x0000000100000000)
  region size 1024K, 1 young (1024K), 1 survivors (1024K)
 Metaspace       used 4334K, capacity 6739K, committed 7040K, reserved 524288K
  class space    used 522K, capacity 773K, committed 896K, reserved 516096K
}
Event: 75.718 GC heap before
{Heap before GC invocations=2 (full 0):
 garbage-first heap   total 129024K, used 49417K [0x0000000080000000, 0x0000000100000000)
  region size 1024K, 39 young (39936K), 1 survivors (1024K)
 Metaspace       used 9531K, capacity 9870K, committed 10112K, reserved 526336K
  class space    used 1258K, capacity 1367K, committed 1408K, reserved 516096K
}
Event: 76.035 GC heap after
{Heap after GC invocations=3 (full 0):
 garbage-first heap   total 129024K, used 16502K [0x0000000080000000, 0x0000000100000000)
  region size 1024K, 5 young (5120K), 5 survivors (5120K)
 Metaspace       used 9531K, capacity 9870K, committed 10112K, reserved 526336K
  class space    used 1258K, capacity 1367K, committed 1408K, reserved 516096K
}
Event: 101.871 GC heap before
{Heap before GC invocations=3 (full 0):
 garbage-first heap   total 129024K, used 83062K [0x0000000080000000, 0x0000000100000000)
  region size 1024K, 71 young (72704K), 5 survivors (5120K)
 Metaspace       used 20292K, capacity 20780K, committed 20992K, reserved 534528K
  class space    used 2893K, capacity 3060K, committed 3072K, reserved 516096K
}
Event: 101.923 GC heap after
{Heap after GC invocations=4 (full 0):
 garbage-first heap   total 129024K, used 20739K [0x0000000080000000, 0x0000000100000000)
  region size 1024K, 4 young (4096K), 4 survivors (4096K)
 Metaspace       used 20292K, capacity 20780K, committed 20992K, reserved 534528K
  class space    used 2893K, capacity 3060K, committed 3072K, reserved 516096K
}
Event: 103.440 GC heap before
{Heap before GC invocations=4 (full 0):
 garbage-first heap   total 129024K, used 23811K [0x0000000080000000, 0x0000000100000000)
  region size 1024K, 8 young (8192K), 4 survivors (4096K)
 Metaspace       used 20743K, capacity 21164K, committed 21296K, reserved 534528K
  class space    used 2964K, capacity 3124K, committed 3200K, reserved 516096K
}
Event: 103.457 GC heap after
{Heap after GC invocations=5 (full 0):
 garbage-first heap   total 129024K, used 21016K [0x0000000080000000, 0x0000000100000000)
  region size 1024K, 4 young (4096K), 4 survivors (4096K)
 Metaspace       used 20743K, capacity 21164K, committed 21296K, reserved 534528K
  class space    used 2964K, capacity 3124K, committed 3200K, reserved 516096K
}
Event: 114.792 GC heap before
{Heap before GC invocations=6 (full 0):
 garbage-first heap   total 75776K, used 60952K [0x0000000080000000, 0x0000000100000000)
  region size 1024K, 44 young (45056K), 4 survivors (4096K)
 Metaspace       used 29210K, capacity 29642K, committed 29744K, reserved 542720K
  class space    used 3985K, capacity 4139K, committed 4224K, reserved 516096K
}
Event: 114.804 GC heap after
{Heap after GC invocations=7 (full 0):
 garbage-first heap   total 75776K, used 25063K [0x0000000080000000, 0x0000000100000000)
  region size 1024K, 5 young (5120K), 5 survivors (5120K)
 Metaspace       used 29210K, capacity 29642K, committed 29744K, reserved 542720K
  class space    used 3985K, capacity 4139K, committed 4224K, reserved 516096K
}
Event: 120.466 GC heap before
{Heap before GC invocations=7 (full 0):
 garbage-first heap   total 75776K, used 53735K [0x0000000080000000, 0x0000000100000000)
  region size 1024K, 33 young (33792K), 5 survivors (5120K)
 Metaspace       used 30662K, capacity 31163K, committed 31408K, reserved 544768K
  class space    used 4180K, capacity 4344K, committed 4352K, reserved 516096K
}
Event: 120.475 GC heap after
{Heap after GC invocations=8 (full 0):
 garbage-first heap   total 75776K, used 26776K [0x0000000080000000, 0x0000000100000000)
  region size 1024K, 3 young (3072K), 3 survivors (3072K)
 Metaspace       used 30662K, capacity 31163K, committed 31408K, reserved 544768K
  class space    used 4180K, capacity 4344K, committed 4352K, reserved 516096K
}

